
> josephine-haven@0.1.0 build
> next build

Γû▓ Next.js 16.1.6 (Turbopack)
- Environments: .env.local

ΓÜá The "middleware" file convention is deprecated. Please use "proxy" instead. Learn more: https://nextjs.org/docs/messages/middleware-to-proxy
  Creating an optimized production build ...
Error: Cannot apply unknown utility class `shadow-[0_8px_30px_rgb(0,`
    [at onInvalidCandidate (E:\josephine-haven\node_modules\tailwindcss\dist\lib.js:21:1511)]
    [at Ee (E:\josephine-haven\node_modules\tailwindcss\dist\lib.js:16:36740)]
    [at E:\josephine-haven\node_modules\tailwindcss\dist\lib.js:21:355]
    [at Pr (E:\josephine-haven\node_modules\tailwindcss\dist\lib.js:3:1733)]
    [at _ (E:\josephine-haven\node_modules\tailwindcss\dist\lib.js:3:1377)]
    [at Te (E:\josephine-haven\node_modules\tailwindcss\dist\lib.js:21:172)]
    [at pn (E:\josephine-haven\node_modules\tailwindcss\dist\lib.js:38:294)]
    [at async dn (E:\josephine-haven\node_modules\tailwindcss\dist\lib.js:38:631)]
    [at async Xr (E:\josephine-haven\node_modules\@tailwindcss\node\dist\index.js:10:3417)]
    [at async N (E:\josephine-haven\node_modules\@tailwindcss\postcss\dist\index.js:10:3979)]

> Build error occurred
Error: Turbopack build failed with 1 errors:
./app/globals.css
Error evaluating Node.js code
CssSyntaxError: tailwindcss: E:\josephine-haven\app\globals.css:1:1: Cannot apply unknown utility class `shadow-[0_8px_30px_rgb(0,`
    at Input.error (node_modules/postcss/lib/input.js:135:16) [E:\josephine-haven\.next\build\chunks\node_modules_fe693df6._.js:4651:22]
    at Root.error (node_modules/postcss/lib/node.js:146:32) [E:\josephine-haven\.next\build\chunks\node_modules_fe693df6._.js:928:38]
    [at Object.Once (E:\josephine-haven\node_modules\@tailwindcss\postcss\dist\index.js:10:6913)]
    at async LazyResult.runAsync (node_modules/postcss/lib/lazy-result.js:293:11) [E:\josephine-haven\.next\build\chunks\node_modules_fe693df6._.js:6206:21]
    at async transform (turbopack:///[turbopack-node]/transforms/postcss.ts:70:34) [E:\josephine-haven\.next\build\chunks\[root-of-the-server]__51225daf._.js:146:36]
    at async run (turbopack:///[turbopack-node]/ipc/evaluate.ts:92:23) [E:\josephine-haven\.next\build\chunks\[root-of-the-server]__974941ed._.js:443:31]

Import trace:
  Client Component Browser:
    ./app/globals.css [Client Component Browser]
    ./app/layout.tsx [Server Component]


    at async transform (turbopack:///[turbopack-node]/transforms/postcss.ts:70:34) [E:\josephine-haven\.next\build\chunks\[root-of-the-server]__51225daf._.js:146:36])
    at async run (turbopack:///[turbopack-node]/ipc/evaluate.ts:92:23) [E:\josephine-haven\.next\build\chunks\[root-of-the-server]__974941ed._.js:443:31])
