
> josephine-haven@0.1.0 build
> next build

Γû▓ Next.js 16.1.6 (Turbopack)
- Environments: .env.local

ΓÜá The "middleware" file convention is deprecated. Please use "proxy" instead. Learn more: https://nextjs.org/docs/messages/middleware-to-proxy
  Creating an optimized production build ...
Γ£ô Compiled successfully in 7.5s
  Running TypeScript ...
Failed to compile.

.next/dev/types/validator.ts:117:31
Type error: Type 'typeof import("E:/josephine-haven/app/api/admin/apartments/[id]/route")' does not satisfy the constraint 'RouteHandlerConfig<"/api/admin/apartments/[id]">'.
  Types of property 'PUT' are incompatible.
    Type '(req: NextRequest, { params }: { params: { id: string; }; }) => Promise<NextResponse<{ id: string; title: string; description: string; price: number; image: string; type: string; bedrooms: number; bathrooms: number; size: number; features: string; createdAt: Date; }> | NextResponse<...>>' is not assignable to type '(request: NextRequest, context: { params: Promise<{ id: string; }>; }) => void | Response | Promise<void | Response>'.
      Types of parameters '__1' and 'context' are incompatible.
        Type '{ params: Promise<{ id: string; }>; }' is not assignable to type '{ params: { id: string; }; }'.
          Types of property 'params' are incompatible.
            Property 'id' is missing in type 'Promise<{ id: string; }>' but required in type '{ id: string; }'.

  115 |   type __IsExpected<Specific extends RouteHandlerConfig<"/api/admin/apartments/[id]">> = Specific
  116 |   const handler = {} as typeof import("../../../app/api/admin/apartments/[id]/route.js")
> 117 |   type __Check = __IsExpected<typeof handler>
      |                               ^
  118 |   // @ts-ignore
  119 |   type __Unused = __Check
  120 | }
Next.js build worker exited with code: 1 and signal: null
